[2016-01-19 20:13:25] production.ERROR: exception 'PDOException' with message 'SQLSTATE[HY000] [2002] No such file or directory' in /Applications/MAMP/htdocs/suporte/vendor/laravel/framework/src/Illuminate/Database/Connectors/Connector.php:47
Stack trace:
#0 /Applications/MAMP/htdocs/suporte/vendor/laravel/framework/src/Illuminate/Database/Connectors/Connector.php(47): PDO->__construct('mysql:host=;dbn...', '', '', Array)
#1 /Applications/MAMP/htdocs/suporte/vendor/laravel/framework/src/Illuminate/Database/Connectors/MySqlConnector.php(20): Illuminate\Database\Connectors\Connector->createConnection('mysql:host=;dbn...', Array, Array)
#2 /Applications/MAMP/htdocs/suporte/bootstrap/compiled.php(7713): Illuminate\Database\Connectors\MySqlConnector->connect(Array)
#3 /Applications/MAMP/htdocs/suporte/bootstrap/compiled.php(7709): Illuminate\Database\Connectors\ConnectionFactory->createSingleConnection(Array)
#4 /Applications/MAMP/htdocs/suporte/bootstrap/compiled.php(7621): Illuminate\Database\Connectors\ConnectionFactory->make(Array, 'mysql')
#5 /Applications/MAMP/htdocs/suporte/bootstrap/compiled.php(7576): Illuminate\Database\DatabaseManager->makeConnection('mysql')
#6 /Applications/MAMP/htdocs/suporte/bootstrap/compiled.php(7677): Illuminate\Database\DatabaseManager->connection()
#7 /Applications/MAMP/htdocs/suporte/bootstrap/compiled.php(3267): Illuminate\Database\DatabaseManager->__call('table', Array)
#8 /Applications/MAMP/htdocs/suporte/bootstrap/compiled.php(3267): Illuminate\Database\DatabaseManager->table('users')
#9 /Applications/MAMP/htdocs/suporte/app/models/Language.php(11): Illuminate\Support\Facades\Facade::__callStatic('table', Array)
#10 /Applications/MAMP/htdocs/suporte/app/models/Language.php(11): Illuminate\Support\Facades\DB::table('users')
#11 /Applications/MAMP/htdocs/suporte/app/routes.php(15): Language->defaultLanguage()
#12 /Applications/MAMP/htdocs/suporte/vendor/laravel/framework/src/Illuminate/Foundation/start.php(269): require('/Applications/M...')
#13 [internal function]: {closure}(Object(Illuminate\Foundation\Application))
#14 /Applications/MAMP/htdocs/suporte/bootstrap/compiled.php(736): call_user_func(Object(Closure), Object(Illuminate\Foundation\Application))
#15 /Applications/MAMP/htdocs/suporte/bootstrap/compiled.php(641): Illuminate\Foundation\Application->fireAppCallbacks(Array)
#16 /Applications/MAMP/htdocs/suporte/bootstrap/compiled.php(635): Illuminate\Foundation\Application->bootApplication()
#17 /Applications/MAMP/htdocs/suporte/bootstrap/compiled.php(695): Illuminate\Foundation\Application->boot()
#18 /Applications/MAMP/htdocs/suporte/bootstrap/compiled.php(7825): Illuminate\Foundation\Application->handle(Object(Illuminate\Http\Request), 1, true)
#19 /Applications/MAMP/htdocs/suporte/bootstrap/compiled.php(8432): Illuminate\Session\Middleware->handle(Object(Illuminate\Http\Request), 1, true)
#20 /Applications/MAMP/htdocs/suporte/bootstrap/compiled.php(8379): Illuminate\Cookie\Queue->handle(Object(Illuminate\Http\Request), 1, true)
#21 /Applications/MAMP/htdocs/suporte/bootstrap/compiled.php(11070): Illuminate\Cookie\Guard->handle(Object(Illuminate\Http\Request), 1, true)
#22 /Applications/MAMP/htdocs/suporte/bootstrap/compiled.php(657): Stack\StackedHttpKernel->handle(Object(Illuminate\Http\Request))
#23 /Applications/MAMP/htdocs/suporte/index.php(49): Illuminate\Foundation\Application->run()
#24 {main} [] []
[2016-01-19 20:15:57] production.ERROR: exception 'PDOException' with message 'SQLSTATE[42S02]: Base table or view not found: 1146 Table 'suporte.users' doesn't exist' in /Applications/MAMP/htdocs/suporte/vendor/laravel/framework/src/Illuminate/Database/Connection.php:299
Stack trace:
#0 /Applications/MAMP/htdocs/suporte/vendor/laravel/framework/src/Illuminate/Database/Connection.php(299): PDO->prepare('select `languag...')
#1 /Applications/MAMP/htdocs/suporte/vendor/laravel/framework/src/Illuminate/Database/Connection.php(617): Illuminate\Database\Connection->Illuminate\Database\{closure}(Object(Illuminate\Database\MySqlConnection), 'select `languag...', Array)
#2 /Applications/MAMP/htdocs/suporte/vendor/laravel/framework/src/Illuminate/Database/Connection.php(581): Illuminate\Database\Connection->runQueryCallback('select `languag...', Array, Object(Closure))
#3 /Applications/MAMP/htdocs/suporte/vendor/laravel/framework/src/Illuminate/Database/Connection.php(304): Illuminate\Database\Connection->run('select `languag...', Array, Object(Closure))
#4 /Applications/MAMP/htdocs/suporte/vendor/laravel/framework/src/Illuminate/Database/Query/Builder.php(1412): Illuminate\Database\Connection->select('select `languag...', Array)
#5 /Applications/MAMP/htdocs/suporte/vendor/laravel/framework/src/Illuminate/Database/Query/Builder.php(1397): Illuminate\Database\Query\Builder->runSelect()
#6 /Applications/MAMP/htdocs/suporte/vendor/laravel/framework/src/Illuminate/Database/Query/Builder.php(1384): Illuminate\Database\Query\Builder->getFresh(Array)
#7 /Applications/MAMP/htdocs/suporte/vendor/laravel/framework/src/Illuminate/Database/Query/Builder.php(1369): Illuminate\Database\Query\Builder->get(Array)
#8 /Applications/MAMP/htdocs/suporte/app/models/Language.php(15): Illuminate\Database\Query\Builder->first()
#9 /Applications/MAMP/htdocs/suporte/app/routes.php(15): Language->defaultLanguage()
#10 /Applications/MAMP/htdocs/suporte/vendor/laravel/framework/src/Illuminate/Foundation/start.php(269): require('/Applications/M...')
#11 [internal function]: {closure}(Object(Illuminate\Foundation\Application))
#12 /Applications/MAMP/htdocs/suporte/bootstrap/compiled.php(736): call_user_func(Object(Closure), Object(Illuminate\Foundation\Application))
#13 /Applications/MAMP/htdocs/suporte/bootstrap/compiled.php(641): Illuminate\Foundation\Application->fireAppCallbacks(Array)
#14 /Applications/MAMP/htdocs/suporte/bootstrap/compiled.php(635): Illuminate\Foundation\Application->bootApplication()
#15 /Applications/MAMP/htdocs/suporte/bootstrap/compiled.php(695): Illuminate\Foundation\Application->boot()
#16 /Applications/MAMP/htdocs/suporte/bootstrap/compiled.php(7825): Illuminate\Foundation\Application->handle(Object(Illuminate\Http\Request), 1, true)
#17 /Applications/MAMP/htdocs/suporte/bootstrap/compiled.php(8432): Illuminate\Session\Middleware->handle(Object(Illuminate\Http\Request), 1, true)
#18 /Applications/MAMP/htdocs/suporte/bootstrap/compiled.php(8379): Illuminate\Cookie\Queue->handle(Object(Illuminate\Http\Request), 1, true)
#19 /Applications/MAMP/htdocs/suporte/bootstrap/compiled.php(11070): Illuminate\Cookie\Guard->handle(Object(Illuminate\Http\Request), 1, true)
#20 /Applications/MAMP/htdocs/suporte/bootstrap/compiled.php(657): Stack\StackedHttpKernel->handle(Object(Illuminate\Http\Request))
#21 /Applications/MAMP/htdocs/suporte/index.php(49): Illuminate\Foundation\Application->run()
#22 {main}

Next exception 'Illuminate\Database\QueryException' with message 'SQLSTATE[42S02]: Base table or view not found: 1146 Table 'suporte.users' doesn't exist (SQL: select `languages`.`id`, `languages`.`name`, `languages`.`short` from `users` inner join `languages` on `languages`.`id` = `users`.`language_id` where `users`.`id` = 1 limit 1)' in /Applications/MAMP/htdocs/suporte/vendor/laravel/framework/src/Illuminate/Database/Connection.php:625
Stack trace:
#0 /Applications/MAMP/htdocs/suporte/vendor/laravel/framework/src/Illuminate/Database/Connection.php(581): Illuminate\Database\Connection->runQueryCallback('select `languag...', Array, Object(Closure))
#1 /Applications/MAMP/htdocs/suporte/vendor/laravel/framework/src/Illuminate/Database/Connection.php(304): Illuminate\Database\Connection->run('select `languag...', Array, Object(Closure))
#2 /Applications/MAMP/htdocs/suporte/vendor/laravel/framework/src/Illuminate/Database/Query/Builder.php(1412): Illuminate\Database\Connection->select('select `languag...', Array)
#3 /Applications/MAMP/htdocs/suporte/vendor/laravel/framework/src/Illuminate/Database/Query/Builder.php(1397): Illuminate\Database\Query\Builder->runSelect()
#4 /Applications/MAMP/htdocs/suporte/vendor/laravel/framework/src/Illuminate/Database/Query/Builder.php(1384): Illuminate\Database\Query\Builder->getFresh(Array)
#5 /Applications/MAMP/htdocs/suporte/vendor/laravel/framework/src/Illuminate/Database/Query/Builder.php(1369): Illuminate\Database\Query\Builder->get(Array)
#6 /Applications/MAMP/htdocs/suporte/app/models/Language.php(15): Illuminate\Database\Query\Builder->first()
#7 /Applications/MAMP/htdocs/suporte/app/routes.php(15): Language->defaultLanguage()
#8 /Applications/MAMP/htdocs/suporte/vendor/laravel/framework/src/Illuminate/Foundation/start.php(269): require('/Applications/M...')
#9 [internal function]: {closure}(Object(Illuminate\Foundation\Application))
#10 /Applications/MAMP/htdocs/suporte/bootstrap/compiled.php(736): call_user_func(Object(Closure), Object(Illuminate\Foundation\Application))
#11 /Applications/MAMP/htdocs/suporte/bootstrap/compiled.php(641): Illuminate\Foundation\Application->fireAppCallbacks(Array)
#12 /Applications/MAMP/htdocs/suporte/bootstrap/compiled.php(635): Illuminate\Foundation\Application->bootApplication()
#13 /Applications/MAMP/htdocs/suporte/bootstrap/compiled.php(695): Illuminate\Foundation\Application->boot()
#14 /Applications/MAMP/htdocs/suporte/bootstrap/compiled.php(7825): Illuminate\Foundation\Application->handle(Object(Illuminate\Http\Request), 1, true)
#15 /Applications/MAMP/htdocs/suporte/bootstrap/compiled.php(8432): Illuminate\Session\Middleware->handle(Object(Illuminate\Http\Request), 1, true)
#16 /Applications/MAMP/htdocs/suporte/bootstrap/compiled.php(8379): Illuminate\Cookie\Queue->handle(Object(Illuminate\Http\Request), 1, true)
#17 /Applications/MAMP/htdocs/suporte/bootstrap/compiled.php(11070): Illuminate\Cookie\Guard->handle(Object(Illuminate\Http\Request), 1, true)
#18 /Applications/MAMP/htdocs/suporte/bootstrap/compiled.php(657): Stack\StackedHttpKernel->handle(Object(Illuminate\Http\Request))
#19 /Applications/MAMP/htdocs/suporte/index.php(49): Illuminate\Foundation\Application->run()
#20 {main} [] []
